<?xml version="1.0" encoding="UTF-8"?>
<!-- Generated by org.testng.reporters.JUnitReportReporter -->
<testsuite hostname="DESKTOP-K88N4KF" failures="0" tests="1" name="com.orangehrprojects.Myinfopage" time="41.896" errors="0" timestamp="2023-02-27T12:44:06 IST" skipped="0">
  <testcase classname="com.orangehrprojects.Myinfopage" name="validatemyinfovalidData" time="41.896"/>
  <system-out/>
</testsuite> <!-- com.orangehrprojects.Myinfopage -->
