<?xml version="1.0" encoding="UTF-8"?>
<!-- Generated by org.testng.reporters.JUnitReportReporter -->
<testsuite hostname="DESKTOP-K88N4KF" failures="0" tests="1" name="com.orangehrprojects.Timefunctionpage" time="47.668" errors="0" timestamp="2023-02-27T12:57:18 IST" skipped="0">
  <testcase classname="com.orangehrprojects.Timefunctionpage" name="validatetimeSheet" time="47.668"/>
  <system-out/>
</testsuite> <!-- com.orangehrprojects.Timefunctionpage -->
