<?xml version="1.0" encoding="UTF-8"?>
<!-- Generated by org.testng.reporters.JUnitReportReporter -->
<testsuite hostname="DESKTOP-K88N4KF" failures="0" tests="1" name="com.orangehrprojects.LoginPage" time="23.834" errors="0" timestamp="2023-02-27T12:41:48 IST" skipped="0">
  <testcase classname="com.orangehrprojects.LoginPage" name="validateLoginWithValidData" time="23.834"/>
  <system-out/>
</testsuite> <!-- com.orangehrprojects.LoginPage -->
