<?xml version="1.0" encoding="UTF-8"?>
<!-- Generated by org.testng.reporters.JUnitReportReporter -->
<testsuite hostname="DESKTOP-K88N4KF" failures="0" tests="1" name="com.orangehrprojects.PimPage" time="28.796" errors="0" timestamp="2023-02-27T12:46:27 IST" skipped="0">
  <testcase classname="com.orangehrprojects.PimPage" name="validatepimWithvalidname" time="28.796"/>
  <system-out/>
</testsuite> <!-- com.orangehrprojects.PimPage -->
