<?xml version="1.0" encoding="UTF-8"?>
<!-- Generated by org.testng.reporters.JUnitReportReporter -->
<testsuite hostname="DESKTOP-K88N4KF" failures="0" tests="1" name="com.orangehrprojects.RecuritmentPage" time="29.097" errors="0" timestamp="2023-02-27T12:50:59 IST" skipped="0">
  <testcase classname="com.orangehrprojects.RecuritmentPage" name="validaterecruitmentWithValiddata" time="29.097"/>
  <system-out/>
</testsuite> <!-- com.orangehrprojects.RecuritmentPage -->
