<?xml version="1.0" encoding="UTF-8"?>
<!-- Generated by org.testng.reporters.JUnitReportReporter -->
<testsuite hostname="DESKTOP-K88N4KF" failures="0" tests="1" name="com.orangehrprojects.AdminPage" time="81.500" errors="0" timestamp="2023-02-27T12:38:47 IST" skipped="0">
  <testcase classname="com.orangehrprojects.AdminPage" name="validateAdminadduser" time="81.500"/>
  <system-out/>
</testsuite> <!-- com.orangehrprojects.AdminPage -->
